<?xml version="1.0" encoding="utf-8"?><testsuites><testsuite name="pytest" errors="0" failures="0" skipped="0" tests="79" time="37.286" timestamp="2026-06-14T22:03:25.028855+01:00" hostname="OOCH"><testcase classname="tests.test_customers_api.TestCreateCustomer" name="test_create_customer_minimal" time="28.205" /><testcase classname="tests.test_customers_api.TestCreateCustomer" name="test_create_customer_full" time="0.134" /><testcase classname="tests.test_customers_api.TestCreateCustomer" name="test_duplicate_code_rejected" time="0.148" /><testcase classname="tests.test_customers_api.TestListCustomers" name="test_list_returns_own_org_customers" time="0.135" /><testcase classname="tests.test_customers_api.TestListCustomers" name="test_cross_org_isolation" time="0.245" /><testcase classname="tests.test_customers_api.TestListCustomers" name="test_search_by_name" time="0.165" /><testcase classname="tests.test_customers_api.TestCustomerStatement" name="test_statement_endpoint_exists" time="0.187" /><testcase classname="tests.test_customers_api.TestCustomerStatement" name="test_statement_has_required_fields" time="0.150" /><testcase classname="tests.test_customers_api.TestCustomerStatement" name="test_outstanding_balance_increases_on_credit_sale" time="0.575" /><testcase classname="tests.test_customers_api.TestCustomerCRUD" name="test_update_customer" time="0.131" /><testcase classname="tests.test_customers_api.TestCustomerCRUD" name="test_delete_customer" time="0.132" /><testcase classname="tests.test_bills_api.TestCreateBill" name="test_create_draft_bill" time="0.168" /><testcase classname="tests.test_bills_api.TestCreateBill" name="test_create_bill_without_supplier_fails" time="0.119" /><testcase classname="tests.test_bills_api.TestCreateBill" name="test_create_bill_missing_items_fails" time="0.123" /><testcase classname="tests.test_bills_api.TestCreateBill" name="test_create_bill_auto_numbers" time="0.235" /><testcase classname="tests.test_bills_api.TestListBills" name="test_list_bills_returns_only_own_org" time="0.264" /><testcase classname="tests.test_bills_api.TestListBills" name="test_cross_org_isolation" time="0.250" /><testcase classname="tests.test_bills_api.TestListBills" name="test_filter_by_status" time="0.148" /><testcase classname="tests.test_bills_api.TestBillStatusTransitions" name="test_mark_bill_received" time="0.129" /><testcase classname="tests.test_bills_api.TestBillStatusTransitions" name="test_void_bill" time="0.128" /><testcase classname="tests.test_bills_api.TestBillStatusTransitions" name="test_cannot_pay_voided_bill" time="0.121" /><testcase classname="tests.test_bills_api.TestBillPayments" name="test_partial_payment" time="0.141" /><testcase classname="tests.test_bills_api.TestBillPayments" name="test_full_payment_marks_paid" time="0.132" /><testcase classname="tests.test_bills_api.TestBillPayments" name="test_payment_amount_must_be_positive" time="0.117" /><testcase classname="tests.test_bills_api.TestBillFolders" name="test_create_folder" time="0.103" /><testcase classname="tests.test_bills_api.TestBillFolders" name="test_assign_bill_to_folder" time="0.144" /><testcase classname="tests.test_bills_api.TestBillFolders" name="test_list_folders" time="0.138" /><testcase classname="tests.test_quotes_api.TestCreateQuote" name="test_create_draft_quote" time="0.142" /><testcase classname="tests.test_quotes_api.TestCreateQuote" name="test_create_quote_without_customer" time="0.135" /><testcase classname="tests.test_quotes_api.TestCreateQuote" name="test_create_quote_requires_items" time="0.125" /><testcase classname="tests.test_quotes_api.TestCreateQuote" name="test_quote_numbers_are_unique" time="0.157" /><testcase classname="tests.test_quotes_api.TestQuoteList" name="test_list_returns_own_org_quotes" time="0.135" /><testcase classname="tests.test_quotes_api.TestQuoteList" name="test_cross_org_isolation" time="0.193" /><testcase classname="tests.test_quotes_api.TestQuoteList" name="test_filter_by_status" time="0.129" /><testcase classname="tests.test_quotes_api.TestQuoteStatusTransitions" name="test_send_quote" time="0.129" /><testcase classname="tests.test_quotes_api.TestQuoteStatusTransitions" name="test_accept_quote" time="0.108" /><testcase classname="tests.test_quotes_api.TestQuoteStatusTransitions" name="test_reject_quote" time="0.141" /><testcase classname="tests.test_quotes_api.TestQuoteStatusTransitions" name="test_convert_expired_quote_blocked" time="0.089" /><testcase classname="tests.test_quotes_api.TestQuoteConvert" name="test_convert_draft_quote_to_invoice" time="0.175" /><testcase classname="tests.test_quotes_api.TestQuoteConvert" name="test_cannot_convert_twice" time="0.197" /><testcase classname="tests.test_security.TestAuthRequired" name="test_unauthenticated_returns_401[GET-/api/v1/sales/invoices/]" time="0.008" /><testcase classname="tests.test_security.TestAuthRequired" name="test_unauthenticated_returns_401[GET-/api/v1/bills/]" time="0.007" /><testcase classname="tests.test_security.TestAuthRequired" name="test_unauthenticated_returns_401[GET-/api/v1/customers/]" time="0.006" /><testcase classname="tests.test_security.TestAuthRequired" name="test_unauthenticated_returns_401[GET-/api/v1/payroll/employees/]" time="0.011" /><testcase classname="tests.test_security.TestAuthRequired" name="test_unauthenticated_returns_401[GET-/api/v1/inventory/products/]" time="0.010" /><testcase classname="tests.test_security.TestAuthRequired" name="test_unauthenticated_returns_401[GET-/api/v1/reports/pnl/]" time="0.009" /><testcase classname="tests.test_security.TestAuthRequired" name="test_unauthenticated_returns_401[GET-/api/v1/accounting/journal/]" time="0.008" /><testcase classname="tests.test_security.TestAuthRequired" name="test_unauthenticated_returns_401[GET-/api/v1/tenancy/organisations/]" time="0.006" /><testcase classname="tests.test_security.TestAuthRequired" name="test_unauthenticated_returns_401[GET-/api/v1/payroll/runs/]" time="0.009" /><testcase classname="tests.test_security.TestAuthRequired" name="test_unauthenticated_returns_401[GET-/api/v1/quotes/]" time="0.008" /><testcase classname="tests.test_security.TestAuthRequired" name="test_unauthenticated_returns_401[GET-/api/v1/budgets/]" time="0.008" /><testcase classname="tests.test_security.TestAuthRequired" name="test_unauthenticated_returns_401[GET-/api/v1/expenses/]" time="0.008" /><testcase classname="tests.test_security.TestAuthRequired" name="test_unauthenticated_returns_401[GET-/api/v1/suppliers/]" time="0.009" /><testcase classname="tests.test_security.TestMissingOrgHeader" name="test_missing_org_header_returns_error" time="0.015" /><testcase classname="tests.test_security.TestTenantIsolation" name="test_cannot_read_other_org_invoice" time="0.273" /><testcase classname="tests.test_security.TestTenantIsolation" name="test_cannot_read_other_org_customer" time="0.180" /><testcase classname="tests.test_security.TestTenantIsolation" name="test_cannot_read_other_org_employee" time="0.176" /><testcase classname="tests.test_security.TestTenantIsolation" name="test_list_only_own_records" time="0.181" /><testcase classname="tests.test_security.TestIDORPrevention" name="test_random_uuid_returns_404" time="0.103" /><testcase classname="tests.test_security.TestSQLInjectionPrevention" name="test_search_sql_injection[' OR '1'='1]" time="0.092" /><testcase classname="tests.test_security.TestSQLInjectionPrevention" name="test_search_sql_injection['; DROP TABLE customers; --]" time="0.077" /><testcase classname="tests.test_security.TestSQLInjectionPrevention" name="test_search_sql_injection[&quot; OR &quot;1&quot;=&quot;1]" time="0.080" /><testcase classname="tests.test_security.TestSQLInjectionPrevention" name="test_search_sql_injection[1 UNION SELECT * FROM auth_user--]" time="0.080" /><testcase classname="tests.test_security.TestSQLInjectionPrevention" name="test_search_sql_injection[\\; SELECT pg_sleep(5)--]" time="0.067" /><testcase classname="tests.test_security.TestSQLInjectionPrevention" name="test_bill_reference_injection[' OR '1'='1]" time="0.073" /><testcase classname="tests.test_security.TestSQLInjectionPrevention" name="test_bill_reference_injection[; DROP TABLE bills_bill;]" time="0.071" /><testcase classname="tests.test_security.TestXSSPrevention" name="test_customer_name_xss[&lt;script&gt;alert('xss')&lt;/script&gt;]" time="0.077" /><testcase classname="tests.test_security.TestXSSPrevention" name="test_customer_name_xss[&lt;img src=x onerror=alert(1)&gt;]" time="0.082" /><testcase classname="tests.test_security.TestXSSPrevention" name="test_customer_name_xss[javascript:alert(1)]" time="0.087" /><testcase classname="tests.test_security.TestXSSPrevention" name="test_customer_name_xss[&lt;svg onload=alert(1)&gt;]" time="0.091" /><testcase classname="tests.test_security.TestXSSPrevention" name="test_bill_notes_xss[&lt;script&gt;alert('xss')&lt;/script&gt;]" time="0.072" /><testcase classname="tests.test_security.TestXSSPrevention" name="test_bill_notes_xss[&lt;img src=x onerror=alert(1)&gt;]" time="0.076" /><testcase classname="tests.test_security.TestJWTSecurity" name="test_expired_token_rejected" time="0.073" /><testcase classname="tests.test_security.TestJWTSecurity" name="test_tampered_token_rejected" time="0.067" /><testcase classname="tests.test_security.TestJWTSecurity" name="test_no_token_returns_401" time="0.075" /><testcase classname="tests.test_security.TestMassAssignmentPrevention" name="test_cannot_set_invoice_number_manually" time="0.149" /><testcase classname="tests.test_security.TestMassAssignmentPrevention" name="test_cannot_set_organisation_field" time="0.154" /><testcase classname="tests.test_customers_api.TestCreateCustomer" name="test_unauthenticated_blocked" time="0.005" /><testcase classname="tests.test_bills_api.TestListBills" name="test_unauthenticated_access_denied" time="0.006" /></testsuite></testsuites>