<?xml version="1.0" encoding="utf-8"?><testsuites><testsuite name="pytest" errors="0" failures="0" skipped="0" tests="79" time="23.983" timestamp="2026-06-14T20:50:48.325278+01:00" hostname="OOCH"><testcase classname="tests.test_customers_api.TestCreateCustomer" name="test_create_customer_minimal" time="20.263" /><testcase classname="tests.test_customers_api.TestCreateCustomer" name="test_create_customer_full" time="0.046" /><testcase classname="tests.test_customers_api.TestCreateCustomer" name="test_duplicate_code_rejected" time="0.043" /><testcase classname="tests.test_customers_api.TestListCustomers" name="test_list_returns_own_org_customers" time="0.044" /><testcase classname="tests.test_customers_api.TestListCustomers" name="test_cross_org_isolation" time="0.076" /><testcase classname="tests.test_customers_api.TestListCustomers" name="test_search_by_name" time="0.044" /><testcase classname="tests.test_customers_api.TestCustomerStatement" name="test_statement_endpoint_exists" time="0.051" /><testcase classname="tests.test_customers_api.TestCustomerStatement" name="test_statement_has_required_fields" time="0.047" /><testcase classname="tests.test_customers_api.TestCustomerStatement" name="test_outstanding_balance_increases_on_credit_sale" time="0.192" /><testcase classname="tests.test_customers_api.TestCustomerCRUD" name="test_update_customer" time="0.049" /><testcase classname="tests.test_customers_api.TestCustomerCRUD" name="test_delete_customer" time="0.048" /><testcase classname="tests.test_bills_api.TestCreateBill" name="test_create_draft_bill" time="0.049" /><testcase classname="tests.test_bills_api.TestCreateBill" name="test_create_bill_without_supplier_fails" time="0.042" /><testcase classname="tests.test_bills_api.TestCreateBill" name="test_create_bill_missing_items_fails" time="0.042" /><testcase classname="tests.test_bills_api.TestCreateBill" name="test_create_bill_auto_numbers" time="0.074" /><testcase classname="tests.test_bills_api.TestListBills" name="test_list_bills_returns_only_own_org" time="0.086" /><testcase classname="tests.test_bills_api.TestListBills" name="test_cross_org_isolation" time="0.081" /><testcase classname="tests.test_bills_api.TestListBills" name="test_filter_by_status" time="0.047" /><testcase classname="tests.test_bills_api.TestBillStatusTransitions" name="test_mark_bill_received" time="0.050" /><testcase classname="tests.test_bills_api.TestBillStatusTransitions" name="test_void_bill" time="0.048" /><testcase classname="tests.test_bills_api.TestBillStatusTransitions" name="test_cannot_pay_voided_bill" time="0.048" /><testcase classname="tests.test_bills_api.TestBillPayments" name="test_partial_payment" time="0.055" /><testcase classname="tests.test_bills_api.TestBillPayments" name="test_full_payment_marks_paid" time="0.055" /><testcase classname="tests.test_bills_api.TestBillPayments" name="test_payment_amount_must_be_positive" time="0.046" /><testcase classname="tests.test_bills_api.TestBillFolders" name="test_create_folder" time="0.045" /><testcase classname="tests.test_bills_api.TestBillFolders" name="test_assign_bill_to_folder" time="0.057" /><testcase classname="tests.test_bills_api.TestBillFolders" name="test_list_folders" time="0.057" /><testcase classname="tests.test_quotes_api.TestCreateQuote" name="test_create_draft_quote" time="0.054" /><testcase classname="tests.test_quotes_api.TestCreateQuote" name="test_create_quote_without_customer" time="0.052" /><testcase classname="tests.test_quotes_api.TestCreateQuote" name="test_create_quote_requires_items" time="0.044" /><testcase classname="tests.test_quotes_api.TestCreateQuote" name="test_quote_numbers_are_unique" time="0.073" /><testcase classname="tests.test_quotes_api.TestQuoteList" name="test_list_returns_own_org_quotes" time="0.055" /><testcase classname="tests.test_quotes_api.TestQuoteList" name="test_cross_org_isolation" time="0.086" /><testcase classname="tests.test_quotes_api.TestQuoteList" name="test_filter_by_status" time="0.054" /><testcase classname="tests.test_quotes_api.TestQuoteStatusTransitions" name="test_send_quote" time="0.055" /><testcase classname="tests.test_quotes_api.TestQuoteStatusTransitions" name="test_accept_quote" time="0.053" /><testcase classname="tests.test_quotes_api.TestQuoteStatusTransitions" name="test_reject_quote" time="0.063" /><testcase classname="tests.test_quotes_api.TestQuoteStatusTransitions" name="test_convert_expired_quote_blocked" time="0.051" /><testcase classname="tests.test_quotes_api.TestQuoteConvert" name="test_convert_draft_quote_to_invoice" time="0.076" /><testcase classname="tests.test_quotes_api.TestQuoteConvert" name="test_cannot_convert_twice" time="0.087" /><testcase classname="tests.test_security.TestAuthRequired" name="test_unauthenticated_returns_401[GET-/api/v1/sales/invoices/]" time="0.003" /><testcase classname="tests.test_security.TestAuthRequired" name="test_unauthenticated_returns_401[GET-/api/v1/bills/]" time="0.003" /><testcase classname="tests.test_security.TestAuthRequired" name="test_unauthenticated_returns_401[GET-/api/v1/customers/]" time="0.003" /><testcase classname="tests.test_security.TestAuthRequired" name="test_unauthenticated_returns_401[GET-/api/v1/payroll/employees/]" time="0.003" /><testcase classname="tests.test_security.TestAuthRequired" name="test_unauthenticated_returns_401[GET-/api/v1/inventory/products/]" time="0.004" /><testcase classname="tests.test_security.TestAuthRequired" name="test_unauthenticated_returns_401[GET-/api/v1/reports/pnl/]" time="0.004" /><testcase classname="tests.test_security.TestAuthRequired" name="test_unauthenticated_returns_401[GET-/api/v1/accounting/journal/]" time="0.003" /><testcase classname="tests.test_security.TestAuthRequired" name="test_unauthenticated_returns_401[GET-/api/v1/tenancy/organisations/]" time="0.003" /><testcase classname="tests.test_security.TestAuthRequired" name="test_unauthenticated_returns_401[GET-/api/v1/payroll/runs/]" time="0.005" /><testcase classname="tests.test_security.TestAuthRequired" name="test_unauthenticated_returns_401[GET-/api/v1/quotes/]" time="0.003" /><testcase classname="tests.test_security.TestAuthRequired" name="test_unauthenticated_returns_401[GET-/api/v1/budgets/]" time="0.003" /><testcase classname="tests.test_security.TestAuthRequired" name="test_unauthenticated_returns_401[GET-/api/v1/expenses/]" time="0.003" /><testcase classname="tests.test_security.TestAuthRequired" name="test_unauthenticated_returns_401[GET-/api/v1/suppliers/]" time="0.004" /><testcase classname="tests.test_security.TestMissingOrgHeader" name="test_missing_org_header_returns_error" time="0.006" /><testcase classname="tests.test_security.TestTenantIsolation" name="test_cannot_read_other_org_invoice" time="0.120" /><testcase classname="tests.test_security.TestTenantIsolation" name="test_cannot_read_other_org_customer" time="0.078" /><testcase classname="tests.test_security.TestTenantIsolation" name="test_cannot_read_other_org_employee" time="0.075" /><testcase classname="tests.test_security.TestTenantIsolation" name="test_list_only_own_records" time="0.074" /><testcase classname="tests.test_security.TestIDORPrevention" name="test_random_uuid_returns_404" time="0.059" /><testcase classname="tests.test_security.TestSQLInjectionPrevention" name="test_search_sql_injection[' OR '1'='1]" time="0.042" /><testcase classname="tests.test_security.TestSQLInjectionPrevention" name="test_search_sql_injection['; DROP TABLE customers; --]" time="0.042" /><testcase classname="tests.test_security.TestSQLInjectionPrevention" name="test_search_sql_injection[&quot; OR &quot;1&quot;=&quot;1]" time="0.042" /><testcase classname="tests.test_security.TestSQLInjectionPrevention" name="test_search_sql_injection[1 UNION SELECT * FROM auth_user--]" time="0.043" /><testcase classname="tests.test_security.TestSQLInjectionPrevention" name="test_search_sql_injection[\\; SELECT pg_sleep(5)--]" time="0.041" /><testcase classname="tests.test_security.TestSQLInjectionPrevention" name="test_bill_reference_injection[' OR '1'='1]" time="0.042" /><testcase classname="tests.test_security.TestSQLInjectionPrevention" name="test_bill_reference_injection[; DROP TABLE bills_bill;]" time="0.041" /><testcase classname="tests.test_security.TestXSSPrevention" name="test_customer_name_xss[&lt;script&gt;alert('xss')&lt;/script&gt;]" time="0.043" /><testcase classname="tests.test_security.TestXSSPrevention" name="test_customer_name_xss[&lt;img src=x onerror=alert(1)&gt;]" time="0.043" /><testcase classname="tests.test_security.TestXSSPrevention" name="test_customer_name_xss[javascript:alert(1)]" time="0.044" /><testcase classname="tests.test_security.TestXSSPrevention" name="test_customer_name_xss[&lt;svg onload=alert(1)&gt;]" time="0.043" /><testcase classname="tests.test_security.TestXSSPrevention" name="test_bill_notes_xss[&lt;script&gt;alert('xss')&lt;/script&gt;]" time="0.048" /><testcase classname="tests.test_security.TestXSSPrevention" name="test_bill_notes_xss[&lt;img src=x onerror=alert(1)&gt;]" time="0.041" /><testcase classname="tests.test_security.TestJWTSecurity" name="test_expired_token_rejected" time="0.038" /><testcase classname="tests.test_security.TestJWTSecurity" name="test_tampered_token_rejected" time="0.037" /><testcase classname="tests.test_security.TestJWTSecurity" name="test_no_token_returns_401" time="0.036" /><testcase classname="tests.test_security.TestMassAssignmentPrevention" name="test_cannot_set_invoice_number_manually" time="0.074" /><testcase classname="tests.test_security.TestMassAssignmentPrevention" name="test_cannot_set_organisation_field" time="0.079" /><testcase classname="tests.test_customers_api.TestCreateCustomer" name="test_unauthenticated_blocked" time="0.002" /><testcase classname="tests.test_bills_api.TestListBills" name="test_unauthenticated_access_denied" time="0.003" /></testsuite></testsuites>